0 info it worked if it ends with ok
1 verbose cli [ '/usr/local/bin/node', '/usr/local/bin/npm', 'start' ]
2 info using npm@3.6.0
3 info using node@v5.7.0
4 verbose run-script [ 'prestart', 'start', 'poststart' ]
5 info lifecycle react-boilerplate@1.0.0-alpha~prestart: react-boilerplate@1.0.0-alpha
6 silly lifecycle react-boilerplate@1.0.0-alpha~prestart: no script for prestart, continuing
7 info lifecycle react-boilerplate@1.0.0-alpha~start: react-boilerplate@1.0.0-alpha
8 verbose lifecycle react-boilerplate@1.0.0-alpha~start: unsafe-perm in lifecycle true
9 verbose lifecycle react-boilerplate@1.0.0-alpha~start: PATH: /usr/local/lib/node_modules/npm/bin/node-gyp-bin:/Users/jinxinxi/Work/gitSources/euler/boilerplate-server/node_modules/.bin:/Users/jinxinxi/.rvm/gems/ruby-2.3.0/bin:/Users/jinxinxi/.rvm/gems/ruby-2.3.0@global/bin:/Users/jinxinxi/.rvm/rubies/ruby-2.3.0/bin:/usr/local/bin:/usr/bin:/bin:/usr/sbin:/sbin:/usr/local/mysql/bin:/Users/jinxinxi/Programs/apache-maven-3.3.9/bin:/usr/local/nginx/sbin:/Users/jinxinxi/.rvm/bin
10 verbose lifecycle react-boilerplate@1.0.0-alpha~start: CWD: /Users/jinxinxi/Work/gitSources/euler/boilerplate-server
11 silly lifecycle react-boilerplate@1.0.0-alpha~start: Args: [ '-c', 'webpack-dev-server --port 3000' ]
12 silly lifecycle react-boilerplate@1.0.0-alpha~start: Returned: code: 1  signal: null
13 info lifecycle react-boilerplate@1.0.0-alpha~start: Failed to exec start script
14 verbose stack Error: react-boilerplate@1.0.0-alpha start: `webpack-dev-server --port 3000`
14 verbose stack Exit status 1
14 verbose stack     at EventEmitter.<anonymous> (/usr/local/lib/node_modules/npm/lib/utils/lifecycle.js:232:16)
14 verbose stack     at emitTwo (events.js:100:13)
14 verbose stack     at EventEmitter.emit (events.js:185:7)
14 verbose stack     at ChildProcess.<anonymous> (/usr/local/lib/node_modules/npm/lib/utils/spawn.js:24:14)
14 verbose stack     at emitTwo (events.js:100:13)
14 verbose stack     at ChildProcess.emit (events.js:185:7)
14 verbose stack     at maybeClose (internal/child_process.js:827:16)
14 verbose stack     at Process.ChildProcess._handle.onexit (internal/child_process.js:211:5)
15 verbose pkgid react-boilerplate@1.0.0-alpha
16 verbose cwd /Users/jinxinxi/Work/gitSources/euler/boilerplate-server
17 error Darwin 16.3.0
18 error argv "/usr/local/bin/node" "/usr/local/bin/npm" "start"
19 error node v5.7.0
20 error npm  v3.6.0
21 error code ELIFECYCLE
22 error react-boilerplate@1.0.0-alpha start: `webpack-dev-server --port 3000`
22 error Exit status 1
23 error Failed at the react-boilerplate@1.0.0-alpha start script 'webpack-dev-server --port 3000'.
23 error Make sure you have the latest version of node.js and npm installed.
23 error If you do, this is most likely a problem with the react-boilerplate package,
23 error not with npm itself.
23 error Tell the author that this fails on your system:
23 error     webpack-dev-server --port 3000
23 error You can get information on how to open an issue for this project with:
23 error     npm bugs react-boilerplate
23 error Or if that isn't available, you can get their info via:
23 error     npm owner ls react-boilerplate
23 error There is likely additional logging output above.
24 verbose exit [ 1, true ]
